<?xml version="1.0" encoding="UTF-8"?>
<testsuite name="CalculatorTest" tests="7" skipped="0" failures="0" errors="0" timestamp="2022-03-09T14:38:37" hostname="DESKTOP-N719CEI" time="0.023">
  <properties/>
  <testcase name="subtract()" classname="CalculatorTest" time="0.016"/>
  <testcase name="rests()" classname="CalculatorTest" time="0.001"/>
  <testcase name="multiplication()" classname="CalculatorTest" time="0.001"/>
  <testcase name="potencia()" classname="CalculatorTest" time="0.001"/>
  <testcase name="somaTest()" classname="CalculatorTest" time="0.0"/>
  <testcase name="operation()" classname="CalculatorTest" time="0.001"/>
  <testcase name="divisor()" classname="CalculatorTest" time="0.0"/>
  <system-out><![CDATA[]]></system-out>
  <system-err><![CDATA[]]></system-err>
</testsuite>
